<?xml version="1.0" encoding="UTF-8"?>
<testsuite xmlns:xsi="http://www.w3.org/2001/XMLSchema-instance" xsi:noNamespaceSchemaLocation="https://maven.apache.org/surefire/maven-surefire-plugin/xsd/surefire-test-report.xsd" name="Parallel.ParallelRun" time="44.002" tests="5" errors="0" skipped="0" failures="1">
  <properties>
[...]
</properties>
  <testcase name="runScenario" classname="Parallel.ParallelRun" time="18.301"/>
  <testcase name="runScenario" classname="Parallel.ParallelRun" time="21.94"/>
  <testcase name="runScenario" classname="Parallel.ParallelRun" time="22.692"/>
  <testcase name="runScenario" classname="Parallel.ParallelRun" time="23.198"/>
  <testcase name="runScenario" classname="Parallel.ParallelRun" time="24.118">
    <failure message="Expected condition failed: waiting for presence of element located by: By.linkText: Forgotten Password11 (tried for 5 second(s) with 500 milliseconds interval)" type="org.openqa.selenium.TimeoutException">org.openqa.selenium.TimeoutException: Expected condition failed: waiting for presence of element located by: By.linkText: Forgotten Password11 (tried for 5 second(s) with 500 milliseconds interval)
Caused by: org.openqa.selenium.NoSuchElementException: 
no such element: Unable to locate element: {"method":"link text","selector":"Forgotten Password11"}
  (Session info: chrome=95.0.4638.54)
For documentation on this error, please visit: https://www.seleniumhq.org/exceptions/no_such_element.html
Build info: version: '3.141.59', revision: 'e82be7d358', time: '2018-11-14T08:17:03'
System info: host: 'Rahuls-MacBook-Pro.local', ip: '2402:3a80:134f:5d07:4d97:9ef7:5a2d:6f01%en0', os.name: 'Mac OS X', os.arch: 'x86_64', os.version: '10.15.6', java.version: '1.8.0_292'
Driver info: org.openqa.selenium.chrome.ChromeDriver
Capabilities {acceptInsecureCerts: false, browserName: chrome, browserVersion: 95.0.4638.54, chrome: {chromedriverVersion: 95.0.4638.54 (d31a821ec901f..., userDataDir: /var/folders/nz/z3j8nml918g...}, goog:chromeOptions: {debuggerAddress: localhost:51579}, javascriptEnabled: true, networkConnectionEnabled: false, pageLoadStrategy: normal, platform: MAC, platformName: MAC, proxy: Proxy(), setWindowRect: true, strictFileInteractability: false, timeouts: {implicit: 0, pageLoad: 300000, script: 30000}, unhandledPromptBehavior: dismiss and notify, webauthn:extension:credBlob: true, webauthn:extension:largeBlob: true, webauthn:virtualAuthenticators: true}
Session ID: ea0fd0c858daf023cc2c653697e8d738
*** Element info: {Using=link text, value=Forgotten Password11}
</failure>
    <system-out><![CDATA[
    Embedding Forgot_Password_link [image/png 205234 bytes]

]]></system-out>
  </testcase>
</testsuite>